<?xml version="1.0" encoding="UTF-8"?>
<testng-results ignored="0" total="1" passed="1" failed="0" skipped="0">
  <reporter-output>
  </reporter-output>
  <suite started-at="2024-08-26T22:51:00 CEST" name="Suite" finished-at="2024-08-26T22:51:14 CEST" duration-ms="14714">
    <groups>
    </groups>
    <test started-at="2024-08-26T22:51:00 CEST" name="Test" finished-at="2024-08-26T22:51:14 CEST" duration-ms="14714">
      <class name="samplePrograms.testFlipkart">
        <test-method signature="login()[pri:0, instance:samplePrograms.testFlipkart@5b03b9fe]" started-at="2024-08-26T22:51:00 CEST" name="login" finished-at="2024-08-26T22:51:14 CEST" duration-ms="14629" status="PASS">
          <reporter-output>
          </reporter-output>
        </test-method> <!-- login -->
      </class> <!-- samplePrograms.testFlipkart -->
    </test> <!-- Test -->
  </suite> <!-- Suite -->
</testng-results>
