<?xml version="1.0" encoding="UTF-8"?>
<testng-results ignored="0" total="1" passed="1" failed="0" skipped="0">
  <reporter-output>
  </reporter-output>
  <suite started-at="2024-08-25T12:40:27 CEST" name="Suite" finished-at="2024-08-25T12:40:32 CEST" duration-ms="5086">
    <groups>
    </groups>
    <test started-at="2024-08-25T12:40:27 CEST" name="Test" finished-at="2024-08-25T12:40:32 CEST" duration-ms="5086">
      <class name="samplePrograms.sampleForLoop">
        <test-method signature="login()[pri:0, instance:samplePrograms.sampleForLoop@5b03b9fe]" started-at="2024-08-25T12:40:27 CEST" name="login" finished-at="2024-08-25T12:40:32 CEST" duration-ms="5024" status="PASS">
          <reporter-output>
          </reporter-output>
        </test-method> <!-- login -->
      </class> <!-- samplePrograms.sampleForLoop -->
    </test> <!-- Test -->
  </suite> <!-- Suite -->
</testng-results>
